[2018-06-19T10:23:32.424] [INFO] log - Connected
[2018-06-19T10:54:23.630] [INFO] log - Connected
[2018-06-19T11:01:30.303] [INFO] log - Connected
[2018-06-19T11:04:36.189] [INFO] log - Connected
[2018-06-19T11:13:13.816] [INFO] log - Connected
[2018-06-19T11:17:47.449] [INFO] log - Connected
[2018-06-19T11:24:11.937] [INFO] log - Connected
[2018-06-19T11:24:58.766] [INFO] log - Connected
[2018-06-19T11:25:25.196] [INFO] log - Connected
[2018-06-19T11:30:19.229] [INFO] log - Connected
[2018-06-19T11:32:02.442] [INFO] log - Connected
[2018-06-19T12:00:01.420] [INFO] log - Connected
[2018-06-19T12:00:25.175] [INFO] log - Connected
[2018-06-19T12:02:16.797] [INFO] log - Connected
[2018-06-19T12:03:51.685] [INFO] log - Connected
[2018-06-19T12:06:03.778] [INFO] log - Connected
[2018-06-19T12:06:20.887] [INFO] log - Connected
[2018-06-19T12:16:52.012] [INFO] log - Connected
[2018-06-19T12:22:47.941] [INFO] log - Connected
[2018-06-19T12:29:01.909] [INFO] log - Connected
[2018-06-19T12:30:36.994] [INFO] log - Connected
[2018-06-19T12:36:27.264] [INFO] log - Connected
[2018-06-19T13:30:33.178] [INFO] log - Connected
[2018-06-19T13:31:48.506] [INFO] log - Connected
[2018-06-19T13:33:13.111] [INFO] log - Connected
[2018-06-19T13:35:31.528] [INFO] log - Connected
[2018-06-19T13:38:15.762] [INFO] log - Connected
[2018-06-19T13:39:40.473] [INFO] log - Connected
[2018-06-19T13:44:06.157] [INFO] log - Connected
[2018-06-19T13:48:21.334] [INFO] log - Connected
[2018-06-19T13:52:17.041] [INFO] log - Connected
[2018-06-19T13:54:31.982] [INFO] log - Connected
[2018-06-19T13:54:54.523] [INFO] log - Connected
[2018-06-19T13:55:49.460] [INFO] log - Connected
[2018-06-19T14:23:10.538] [INFO] log - Connected
[2018-06-19T14:48:01.700] [INFO] log - Connected
[2018-06-19T15:10:33.419] [INFO] log - Connected
[2018-06-19T15:17:46.175] [INFO] log - Connected
[2018-06-19T16:51:18.407] [INFO] log - Connected
[2018-06-19T17:19:59.344] [INFO] log - Connected
[2018-06-19T17:23:01.827] [INFO] log - Connected
[2018-06-19T18:14:06.463] [INFO] log - Connected
[2018-06-19T18:16:12.150] [INFO] log - Connected
[2018-06-19T18:20:02.060] [INFO] log - Connected
[2018-06-20T10:13:39.569] [INFO] log - Connected
[2018-06-20T10:57:25.600] [INFO] log - Connected
[2018-06-20T10:58:08.642] [INFO] log - Connected
[2018-06-20T11:09:28.524] [INFO] log - Connected
[2018-06-20T11:09:48.179] [INFO] log - Connected
[2018-06-20T11:21:56.693] [INFO] log - Connected
[2018-06-20T11:22:12.007] [INFO] log - Connected
[2018-06-20T11:33:03.462] [INFO] log - Connected
[2018-06-20T11:46:47.822] [INFO] log - Connected
[2018-06-20T12:33:03.358] [INFO] log - Connected
[2018-06-20T13:54:40.128] [INFO] log - Connected
[2018-06-20T13:57:06.495] [INFO] log - Connected
[2018-06-20T13:59:32.978] [INFO] log - Connected
[2018-06-20T14:02:21.551] [INFO] log - Connected
[2018-06-20T14:09:08.012] [INFO] log - Connected
[2018-06-20T14:11:01.293] [INFO] log - Connected
[2018-06-20T14:11:49.483] [INFO] log - Connected
[2018-06-20T14:13:29.145] [INFO] log - Connected
[2018-06-20T14:18:20.617] [INFO] log - Connected
[2018-06-20T14:23:43.757] [INFO] log - Connected
[2018-06-20T14:40:25.511] [INFO] log - Connected
[2018-06-20T15:12:08.822] [INFO] log - Connected
[2018-06-20T15:24:53.705] [INFO] log - Connected
[2018-06-20T15:26:17.072] [INFO] log - Connected
[2018-06-20T15:28:39.454] [INFO] log - Connected
[2018-06-20T15:29:24.737] [INFO] log - Connected
[2018-06-20T15:31:46.187] [INFO] log - Connected
[2018-06-20T15:32:33.683] [INFO] log - Connected
[2018-06-20T15:33:45.750] [INFO] log - Connected
[2018-06-20T15:35:28.596] [INFO] log - Connected
[2018-06-20T15:39:11.556] [INFO] log - Connected
[2018-06-20T15:49:08.330] [INFO] log - Connected
[2018-06-20T15:52:23.980] [INFO] log - Connected
[2018-06-20T16:12:39.426] [INFO] log - Connected
[2018-06-20T17:34:14.467] [INFO] log - Connected
[2018-06-20T17:36:49.671] [INFO] log - Connected
[2018-06-20T17:41:44.795] [INFO] log - Connected
[2018-06-20T17:45:21.380] [INFO] log - Connected
[2018-06-20T17:49:17.870] [INFO] log - Connected
[2018-06-20T18:16:55.466] [INFO] log - Connected
[2018-06-20T18:23:31.620] [INFO] log - Connected
[2018-06-20T18:28:37.023] [INFO] log - Connected
[2018-06-20T18:34:32.132] [INFO] log - Connected
[2018-06-20T18:45:25.338] [INFO] log - Connected
[2018-06-20T18:47:36.909] [INFO] log - Connected
[2018-06-20T18:48:49.565] [INFO] log - Connected
[2018-06-20T19:18:54.330] [INFO] log - Connected
[2018-06-21T10:35:43.232] [ERROR] log - { SequelizeConnectionRefusedError: connect ECONNREFUSED 127.0.0.1:3306
    at Utils.Promise.tap.then.catch.err (C:\Users\dhamneshbangar\Projects\homeCare\testProjectSequelize\HomeCarePlatform\node_modules\sequelize\lib\dialects\mysql\connection-manager.js:139:19)
    at tryCatcher (C:\Users\dhamneshbangar\Projects\homeCare\testProjectSequelize\HomeCarePlatform\node_modules\bluebird\js\release\util.js:16:23)
    at Promise._settlePromiseFromHandler (C:\Users\dhamneshbangar\Projects\homeCare\testProjectSequelize\HomeCarePlatform\node_modules\bluebird\js\release\promise.js:512:31)
    at Promise._settlePromise (C:\Users\dhamneshbangar\Projects\homeCare\testProjectSequelize\HomeCarePlatform\node_modules\bluebird\js\release\promise.js:569:18)
    at Promise._settlePromise0 (C:\Users\dhamneshbangar\Projects\homeCare\testProjectSequelize\HomeCarePlatform\node_modules\bluebird\js\release\promise.js:614:10)
    at Promise._settlePromises (C:\Users\dhamneshbangar\Projects\homeCare\testProjectSequelize\HomeCarePlatform\node_modules\bluebird\js\release\promise.js:689:18)
    at Async._drainQueue (C:\Users\dhamneshbangar\Projects\homeCare\testProjectSequelize\HomeCarePlatform\node_modules\bluebird\js\release\async.js:133:16)
    at Async._drainQueues (C:\Users\dhamneshbangar\Projects\homeCare\testProjectSequelize\HomeCarePlatform\node_modules\bluebird\js\release\async.js:143:10)
    at Immediate.Async.drainQueues (C:\Users\dhamneshbangar\Projects\homeCare\testProjectSequelize\HomeCarePlatform\node_modules\bluebird\js\release\async.js:17:14)
    at runCallback (timers.js:789:20)
    at tryOnImmediate (timers.js:751:5)
    at processImmediate [as _immediateCallback] (timers.js:722:5)
  name: 'SequelizeConnectionRefusedError',
  parent: 
   { Error: connect ECONNREFUSED 127.0.0.1:3306
    at Object._errnoException (util.js:1022:11)
    at _exceptionWithHostPort (util.js:1044:20)
    at TCPConnectWrap.afterConnect [as oncomplete] (net.js:1182:14)
     code: 'ECONNREFUSED',
     errno: 'ECONNREFUSED',
     syscall: 'connect',
     address: '127.0.0.1',
     port: 3306,
     fatal: true },
  original: 
   { Error: connect ECONNREFUSED 127.0.0.1:3306
    at Object._errnoException (util.js:1022:11)
    at _exceptionWithHostPort (util.js:1044:20)
    at TCPConnectWrap.afterConnect [as oncomplete] (net.js:1182:14)
     code: 'ECONNREFUSED',
     errno: 'ECONNREFUSED',
     syscall: 'connect',
     address: '127.0.0.1',
     port: 3306,
     fatal: true } }
[2018-06-21T10:35:59.575] [INFO] log - Connected
[2018-06-21T11:12:23.319] [INFO] log - Connected
[2018-06-21T20:49:24.188] [INFO] log - Connected
[2018-06-22T10:40:19.105] [ERROR] log - { SequelizeConnectionRefusedError: connect ECONNREFUSED 127.0.0.1:3306
    at Utils.Promise.tap.then.catch.err (C:\Users\dhamneshbangar\Projects\homeCare\testProjectSequelize\HomeCarePlatform\node_modules\sequelize\lib\dialects\mysql\connection-manager.js:139:19)
    at tryCatcher (C:\Users\dhamneshbangar\Projects\homeCare\testProjectSequelize\HomeCarePlatform\node_modules\bluebird\js\release\util.js:16:23)
    at Promise._settlePromiseFromHandler (C:\Users\dhamneshbangar\Projects\homeCare\testProjectSequelize\HomeCarePlatform\node_modules\bluebird\js\release\promise.js:512:31)
    at Promise._settlePromise (C:\Users\dhamneshbangar\Projects\homeCare\testProjectSequelize\HomeCarePlatform\node_modules\bluebird\js\release\promise.js:569:18)
    at Promise._settlePromise0 (C:\Users\dhamneshbangar\Projects\homeCare\testProjectSequelize\HomeCarePlatform\node_modules\bluebird\js\release\promise.js:614:10)
    at Promise._settlePromises (C:\Users\dhamneshbangar\Projects\homeCare\testProjectSequelize\HomeCarePlatform\node_modules\bluebird\js\release\promise.js:689:18)
    at Async._drainQueue (C:\Users\dhamneshbangar\Projects\homeCare\testProjectSequelize\HomeCarePlatform\node_modules\bluebird\js\release\async.js:133:16)
    at Async._drainQueues (C:\Users\dhamneshbangar\Projects\homeCare\testProjectSequelize\HomeCarePlatform\node_modules\bluebird\js\release\async.js:143:10)
    at Immediate.Async.drainQueues (C:\Users\dhamneshbangar\Projects\homeCare\testProjectSequelize\HomeCarePlatform\node_modules\bluebird\js\release\async.js:17:14)
    at runCallback (timers.js:789:20)
    at tryOnImmediate (timers.js:751:5)
    at processImmediate [as _immediateCallback] (timers.js:722:5)
  name: 'SequelizeConnectionRefusedError',
  parent: 
   { Error: connect ECONNREFUSED 127.0.0.1:3306
    at Object._errnoException (util.js:1022:11)
    at _exceptionWithHostPort (util.js:1044:20)
    at TCPConnectWrap.afterConnect [as oncomplete] (net.js:1182:14)
     code: 'ECONNREFUSED',
     errno: 'ECONNREFUSED',
     syscall: 'connect',
     address: '127.0.0.1',
     port: 3306,
     fatal: true },
  original: 
   { Error: connect ECONNREFUSED 127.0.0.1:3306
    at Object._errnoException (util.js:1022:11)
    at _exceptionWithHostPort (util.js:1044:20)
    at TCPConnectWrap.afterConnect [as oncomplete] (net.js:1182:14)
     code: 'ECONNREFUSED',
     errno: 'ECONNREFUSED',
     syscall: 'connect',
     address: '127.0.0.1',
     port: 3306,
     fatal: true } }
[2018-06-22T10:40:29.584] [INFO] log - Connected
[2018-06-22T13:42:18.955] [INFO] log - Connected
[2018-06-22T13:48:26.126] [INFO] log - Connected
[2018-06-22T14:09:47.786] [INFO] log - Connected
[2018-06-22T14:36:41.728] [INFO] log - Connected
[2018-06-22T16:53:22.220] [INFO] log - Connected
[2018-06-23T09:48:52.171] [ERROR] log - { SequelizeAccessDeniedError: Access denied for user 'root'@'localhost' (using password: YES)
    at Utils.Promise.tap.then.catch.err (D:\projects\homecare\cloneFolder\HomeCarePlatform\node_modules\sequelize\lib\dialects\mysql\connection-manager.js:141:19)
    at tryCatcher (D:\projects\homecare\cloneFolder\HomeCarePlatform\node_modules\bluebird\js\release\util.js:16:23)
    at Promise._settlePromiseFromHandler (D:\projects\homecare\cloneFolder\HomeCarePlatform\node_modules\bluebird\js\release\promise.js:512:31)
    at Promise._settlePromise (D:\projects\homecare\cloneFolder\HomeCarePlatform\node_modules\bluebird\js\release\promise.js:569:18)
    at Promise._settlePromise0 (D:\projects\homecare\cloneFolder\HomeCarePlatform\node_modules\bluebird\js\release\promise.js:614:10)
    at Promise._settlePromises (D:\projects\homecare\cloneFolder\HomeCarePlatform\node_modules\bluebird\js\release\promise.js:689:18)
    at Async._drainQueue (D:\projects\homecare\cloneFolder\HomeCarePlatform\node_modules\bluebird\js\release\async.js:133:16)
    at Async._drainQueues (D:\projects\homecare\cloneFolder\HomeCarePlatform\node_modules\bluebird\js\release\async.js:143:10)
    at Immediate.Async.drainQueues (D:\projects\homecare\cloneFolder\HomeCarePlatform\node_modules\bluebird\js\release\async.js:17:14)
    at runCallback (timers.js:810:20)
    at tryOnImmediate (timers.js:768:5)
    at processImmediate [as _immediateCallback] (timers.js:745:5)
  name: 'SequelizeAccessDeniedError',
  parent: 
   { Error: Access denied for user 'root'@'localhost' (using password: YES)
    at Packet.asError (D:\projects\homecare\cloneFolder\HomeCarePlatform\node_modules\mysql2\lib\packets\packet.js:716:13)
    at ClientHandshake.Command.execute (D:\projects\homecare\cloneFolder\HomeCarePlatform\node_modules\mysql2\lib\commands\command.js:28:22)
    at Connection.handlePacket (D:\projects\homecare\cloneFolder\HomeCarePlatform\node_modules\mysql2\lib\connection.js:502:28)
    at PacketParser.onPacket (D:\projects\homecare\cloneFolder\HomeCarePlatform\node_modules\mysql2\lib\connection.js:81:16)
    at PacketParser.executeStart (D:\projects\homecare\cloneFolder\HomeCarePlatform\node_modules\mysql2\lib\packet_parser.js:77:14)
    at Socket.<anonymous> (D:\projects\homecare\cloneFolder\HomeCarePlatform\node_modules\mysql2\lib\connection.js:89:29)
    at emitOne (events.js:116:13)
    at Socket.emit (events.js:211:7)
    at addChunk (_stream_readable.js:263:12)
    at readableAddChunk (_stream_readable.js:250:11)
    at Socket.Readable.push (_stream_readable.js:208:10)
    at TCP.onread (net.js:597:20)
     code: 'ER_ACCESS_DENIED_ERROR',
     errno: 1045,
     sqlState: '28000',
     sqlMessage: 'Access denied for user \'root\'@\'localhost\' (using password: YES)' },
  original: 
   { Error: Access denied for user 'root'@'localhost' (using password: YES)
    at Packet.asError (D:\projects\homecare\cloneFolder\HomeCarePlatform\node_modules\mysql2\lib\packets\packet.js:716:13)
    at ClientHandshake.Command.execute (D:\projects\homecare\cloneFolder\HomeCarePlatform\node_modules\mysql2\lib\commands\command.js:28:22)
    at Connection.handlePacket (D:\projects\homecare\cloneFolder\HomeCarePlatform\node_modules\mysql2\lib\connection.js:502:28)
    at PacketParser.onPacket (D:\projects\homecare\cloneFolder\HomeCarePlatform\node_modules\mysql2\lib\connection.js:81:16)
    at PacketParser.executeStart (D:\projects\homecare\cloneFolder\HomeCarePlatform\node_modules\mysql2\lib\packet_parser.js:77:14)
    at Socket.<anonymous> (D:\projects\homecare\cloneFolder\HomeCarePlatform\node_modules\mysql2\lib\connection.js:89:29)
    at emitOne (events.js:116:13)
    at Socket.emit (events.js:211:7)
    at addChunk (_stream_readable.js:263:12)
    at readableAddChunk (_stream_readable.js:250:11)
    at Socket.Readable.push (_stream_readable.js:208:10)
    at TCP.onread (net.js:597:20)
     code: 'ER_ACCESS_DENIED_ERROR',
     errno: 1045,
     sqlState: '28000',
     sqlMessage: 'Access denied for user \'root\'@\'localhost\' (using password: YES)' } }
[2018-06-23T09:49:42.532] [INFO] log - Connected
[2018-06-24T11:20:39.445] [INFO] log - Connected
[2018-06-24T14:42:43.082] [INFO] log - Connected
[2018-06-24T16:10:07.874] [INFO] log - Connected
[2018-06-24T16:26:14.419] [INFO] log - Connected
[2018-06-24T16:31:05.017] [INFO] log - Connected
[2018-06-24T16:31:56.497] [INFO] log - Connected
[2018-06-24T19:37:31.670] [INFO] log - Connected
[2018-06-24T20:02:22.458] [INFO] log - Connected
[2018-06-24T20:11:43.124] [INFO] log - Connected
[2018-06-24T20:13:53.146] [INFO] log - Connected
[2018-06-24T20:14:54.845] [INFO] log - Connected
[2018-06-24T20:16:33.822] [INFO] log - Connected
[2018-06-24T20:36:28.449] [INFO] log - Connected
[2018-06-24T21:21:59.364] [INFO] log - Connected
[2018-06-24T21:25:02.467] [INFO] log - Connected
[2018-06-24T21:44:13.305] [INFO] log - Connected
[2018-06-24T21:51:32.462] [INFO] log - Connected
[2018-06-24T22:57:24.365] [INFO] log - Connected
